Starting tests...
Logging in as SDR...
URL after SDR login attempt: http://localhost:3000/sdr/kanban/
Test failed: Timeout 15000ms exceeded.
=========================== logs ===========================
waiting for navigation to "**/sdr/kanban**" until 'load'
============================================================
Traceback (most recent call last):
  File "C:\Users\lucas\PROJETOS_PYTHON\crm_twolegacy\.agent\scripts\test_agenda_flow_2.py", line 36, in run_tests
    page.wait_for_url("**/sdr/kanban**", timeout=15000)
  File "C:\Users\lucas\AppData\Local\Programs\Python\Python311\Lib\site-packages\playwright\sync_api\_generated.py", line 9162, in wait_for_url
    self._sync(
  File "C:\Users\lucas\AppData\Local\Programs\Python\Python311\Lib\site-packages\playwright\_impl\_sync_base.py", line 115, in _sync
    return task.result()
           ^^^^^^^^^^^^^
  File "C:\Users\lucas\AppData\Local\Programs\Python\Python311\Lib\site-packages\playwright\_impl\_page.py", line 584, in wait_for_url
    return await self._main_frame.wait_for_url(**locals_to_params(locals()))
           ^^^^^^^^^^^^^^^^^^^^^^^^^^^^^^^^^^^^^^^^^^^^^^^^^^^^^^^^^^^^^^^^^
  File "C:\Users\lucas\AppData\Local\Programs\Python\Python311\Lib\site-packages\playwright\_impl\_frame.py", line 263, in wait_for_url
    async with self.expect_navigation(
  File "C:\Users\lucas\AppData\Local\Programs\Python\Python311\Lib\site-packages\playwright\_impl\_event_context_manager.py", line 33, in __aexit__
    await self._future
  File "C:\Users\lucas\AppData\Local\Programs\Python\Python311\Lib\site-packages\playwright\_impl\_frame.py", line 239, in continuation
    event = await waiter.result()
            ^^^^^^^^^^^^^^^^^^^^^
playwright._impl._errors.TimeoutError: Timeout 15000ms exceeded.
=========================== logs ===========================
waiting for navigation to "**/sdr/kanban**" until 'load'
============================================================
